2024-08-06 14:11:29,152 [Worker-2: Loading available Gradle versions] INFO  o.e.b.c.i.u.g.PublishedGradleVersions - Gradle version information cache is up-to-date. Trying to read.
2024-08-07 12:22:49,284 [Worker-2: Loading available Gradle versions] INFO  o.e.b.c.i.u.g.PublishedGradleVersions - Gradle version information cache is up-to-date. Trying to read.
2024-08-08 14:05:50,666 [Worker-5: Loading available Gradle versions] INFO  o.e.b.c.i.u.g.PublishedGradleVersions - Gradle version information cache is out-of-date. Trying to update.
2024-08-09 11:11:28,066 [Worker-6: Loading available Gradle versions] INFO  o.e.b.c.i.u.g.PublishedGradleVersions - Gradle version information cache is up-to-date. Trying to read.
2024-08-12 12:19:26,050 [Worker-6: Loading available Gradle versions] INFO  o.e.b.c.i.u.g.PublishedGradleVersions - Gradle version information cache is out-of-date. Trying to update.
2024-08-13 12:17:49,956 [Worker-2: Loading available Gradle versions] INFO  o.e.b.c.i.u.g.PublishedGradleVersions - Gradle version information cache is up-to-date. Trying to read.
2024-08-14 12:19:35,600 [Worker-2: Loading available Gradle versions] INFO  o.e.b.c.i.u.g.PublishedGradleVersions - Gradle version information cache is out-of-date. Trying to update.
2024-08-14 12:20:03,024 [Worker-2: Loading available Gradle versions] INFO  o.e.b.c.i.u.g.PublishedGradleVersions - Updating Gradle version information cache failed. Using outdated cache.
2024-08-22 10:28:25,473 [Worker-1: Loading available Gradle versions] INFO  o.e.b.c.i.u.g.PublishedGradleVersions - Gradle version information cache is out-of-date. Trying to update.
2024-08-23 09:39:56,435 [Worker-4: Loading available Gradle versions] INFO  o.e.b.c.i.u.g.PublishedGradleVersions - Gradle version information cache is up-to-date. Trying to read.
2024-08-26 09:33:47,653 [Worker-5: Loading available Gradle versions] INFO  o.e.b.c.i.u.g.PublishedGradleVersions - Gradle version information cache is out-of-date. Trying to update.
2024-08-27 09:38:32,746 [Worker-7: Loading available Gradle versions] INFO  o.e.b.c.i.u.g.PublishedGradleVersions - Gradle version information cache is out-of-date. Trying to update.
2024-08-27 10:19:58,389 [Worker-4: Loading available Gradle versions] INFO  o.e.b.c.i.u.g.PublishedGradleVersions - Gradle version information cache is up-to-date. Trying to read.
2024-08-28 09:53:17,425 [Worker-5: Loading available Gradle versions] INFO  o.e.b.c.i.u.g.PublishedGradleVersions - Gradle version information cache is out-of-date. Trying to update.
2024-08-29 09:40:32,775 [Worker-1: Loading available Gradle versions] INFO  o.e.b.c.i.u.g.PublishedGradleVersions - Gradle version information cache is up-to-date. Trying to read.
2024-08-30 09:40:33,885 [Worker-5: Loading available Gradle versions] INFO  o.e.b.c.i.u.g.PublishedGradleVersions - Gradle version information cache is out-of-date. Trying to update.
2024-08-30 17:20:17,521 [Worker-4: Loading available Gradle versions] INFO  o.e.b.c.i.u.g.PublishedGradleVersions - Gradle version information cache is up-to-date. Trying to read.
2024-08-30 18:50:39,973 [Worker-3: Loading available Gradle versions] INFO  o.e.b.c.i.u.g.PublishedGradleVersions - Gradle version information cache is up-to-date. Trying to read.
2024-09-02 09:43:55,161 [Worker-2: Loading available Gradle versions] INFO  o.e.b.c.i.u.g.PublishedGradleVersions - Gradle version information cache is out-of-date. Trying to update.
2024-09-02 09:47:33,436 [Worker-4: Loading available Gradle versions] INFO  o.e.b.c.i.u.g.PublishedGradleVersions - Gradle version information cache is up-to-date. Trying to read.
2024-09-02 17:57:40,274 [Worker-7: Loading available Gradle versions] INFO  o.e.b.c.i.u.g.PublishedGradleVersions - Gradle version information cache is up-to-date. Trying to read.
2024-09-02 18:03:59,367 [Worker-6: Loading available Gradle versions] INFO  o.e.b.c.i.u.g.PublishedGradleVersions - Gradle version information cache is up-to-date. Trying to read.
2024-09-02 18:04:19,529 [Worker-3: Loading available Gradle versions] INFO  o.e.b.c.i.u.g.PublishedGradleVersions - Gradle version information cache is up-to-date. Trying to read.
2024-09-02 18:14:15,237 [Worker-5: Loading available Gradle versions] INFO  o.e.b.c.i.u.g.PublishedGradleVersions - Gradle version information cache is up-to-date. Trying to read.
2024-09-02 18:16:56,394 [Worker-2: Loading available Gradle versions] INFO  o.e.b.c.i.u.g.PublishedGradleVersions - Gradle version information cache is up-to-date. Trying to read.
2024-09-03 09:31:39,008 [Worker-7: Loading available Gradle versions] INFO  o.e.b.c.i.u.g.PublishedGradleVersions - Gradle version information cache is up-to-date. Trying to read.
2024-09-03 11:08:48,534 [Worker-2: Loading available Gradle versions] INFO  o.e.b.c.i.u.g.PublishedGradleVersions - Gradle version information cache is out-of-date. Trying to update.
2024-09-04 09:52:52,232 [Worker-1: Loading available Gradle versions] INFO  o.e.b.c.i.u.g.PublishedGradleVersions - Gradle version information cache is up-to-date. Trying to read.
2024-09-05 09:35:57,754 [Worker-2: Loading available Gradle versions] INFO  o.e.b.c.i.u.g.PublishedGradleVersions - Gradle version information cache is out-of-date. Trying to update.
2024-09-06 09:34:30,974 [Worker-4: Loading available Gradle versions] INFO  o.e.b.c.i.u.g.PublishedGradleVersions - Gradle version information cache is up-to-date. Trying to read.
2024-09-06 16:39:32,453 [Worker-6: Loading available Gradle versions] INFO  o.e.b.c.i.u.g.PublishedGradleVersions - Gradle version information cache is out-of-date. Trying to update.
2024-09-09 09:36:01,368 [Worker-4: Loading available Gradle versions] INFO  o.e.b.c.i.u.g.PublishedGradleVersions - Gradle version information cache is out-of-date. Trying to update.
2024-09-09 10:02:29,640 [Worker-2: Loading available Gradle versions] INFO  o.e.b.c.i.u.g.PublishedGradleVersions - Gradle version information cache is up-to-date. Trying to read.
2024-09-09 11:02:12,684 [Worker-6: Loading available Gradle versions] INFO  o.e.b.c.i.u.g.PublishedGradleVersions - Gradle version information cache is up-to-date. Trying to read.
2024-09-09 11:18:43,922 [Worker-6: Loading available Gradle versions] INFO  o.e.b.c.i.u.g.PublishedGradleVersions - Gradle version information cache is up-to-date. Trying to read.
2024-09-09 11:23:08,462 [Worker-8: Loading available Gradle versions] INFO  o.e.b.c.i.u.g.PublishedGradleVersions - Gradle version information cache is up-to-date. Trying to read.
2024-09-09 15:22:59,854 [Worker-19: Loading available Gradle versions] INFO  o.e.b.c.i.u.g.PublishedGradleVersions - Gradle version information cache is up-to-date. Trying to read.
2024-09-09 16:08:11,497 [Worker-2: Loading available Gradle versions] INFO  o.e.b.c.i.u.g.PublishedGradleVersions - Gradle version information cache is up-to-date. Trying to read.
2024-09-09 17:45:28,127 [Worker-46: Updating Maven settings] ERROR o.e.m.c.internal.embedder.MavenImpl - Could not read settingsCacheMap.xml, assuming default values
org.apache.maven.settings.building.SettingsBuildingException: 1 problem was encountered while building the effective settings
[FATAL] Non-parseable settings D:\oracle\sqldeveloper\jdbc\lib\ojdbc11.jar: only whitespace content allowed before start tag and not P (position: START_DOCUMENT seen P... @1:2)  @ D:\oracle\sqldeveloper\jdbc\lib\ojdbc11.jar, line 1, column 2

	at org.apache.maven.settings.building.DefaultSettingsBuilder.build(DefaultSettingsBuilder.java:115)
	at org.eclipse.m2e.core.internal.embedder.MavenImpl$MavenSettings.getSettings(MavenImpl.java:1117)
	at org.eclipse.m2e.core.internal.embedder.MavenImpl.getSettings(MavenImpl.java:279)
	at org.eclipse.m2e.core.internal.embedder.MavenImpl.reloadSettings(MavenImpl.java:331)
	at org.eclipse.m2e.core.internal.embedder.MavenImpl.mavenConfigurationChange(MavenImpl.java:355)
	at org.eclipse.m2e.core.internal.preferences.MavenConfigurationImpl.preferenceChange(MavenConfigurationImpl.java:205)
	at org.eclipse.core.internal.preferences.EclipsePreferences.lambda$2(EclipsePreferences.java:828)
	at org.eclipse.core.runtime.SafeRunner.run(SafeRunner.java:47)
	at org.eclipse.core.internal.preferences.EclipsePreferences.firePreferenceEvent(EclipsePreferences.java:828)
	at org.eclipse.core.internal.preferences.EclipsePreferences.put(EclipsePreferences.java:840)
	at org.eclipse.m2e.core.internal.preferences.MavenConfigurationImpl.setSettingsFile(MavenConfigurationImpl.java:171)
	at org.eclipse.m2e.core.internal.preferences.MavenConfigurationImpl.setGlobalSettingsFile(MavenConfigurationImpl.java:157)
	at org.eclipse.m2e.core.ui.internal.preferences.MavenSettingsPreferencePage.lambda$0(MavenSettingsPreferencePage.java:152)
	at org.eclipse.core.runtime.jobs.Job$1.run(Job.java:166)
	at org.eclipse.core.internal.jobs.Worker.run(Worker.java:63)
2024-09-09 17:46:01,701 [Worker-47: Updating Maven settings] ERROR o.e.m.c.internal.embedder.MavenImpl - Could not read settingsCacheMap.xml, assuming default values
org.apache.maven.settings.building.SettingsBuildingException: 1 problem was encountered while building the effective settings
[FATAL] Non-parseable settings D:\oracle\sqldeveloper\jdbc\lib\ojdbc11.jar: only whitespace content allowed before start tag and not P (position: START_DOCUMENT seen P... @1:2)  @ D:\oracle\sqldeveloper\jdbc\lib\ojdbc11.jar, line 1, column 2

	at org.apache.maven.settings.building.DefaultSettingsBuilder.build(DefaultSettingsBuilder.java:115)
	at org.eclipse.m2e.core.internal.embedder.MavenImpl$MavenSettings.getSettings(MavenImpl.java:1117)
	at org.eclipse.m2e.core.internal.embedder.MavenImpl.getSettings(MavenImpl.java:279)
	at org.eclipse.m2e.core.internal.embedder.MavenImpl.reloadSettings(MavenImpl.java:331)
	at org.eclipse.m2e.core.internal.embedder.MavenImpl.mavenConfigurationChange(MavenImpl.java:355)
	at org.eclipse.m2e.core.internal.preferences.MavenConfigurationImpl.preferenceChange(MavenConfigurationImpl.java:205)
	at org.eclipse.core.internal.preferences.EclipsePreferences.lambda$2(EclipsePreferences.java:828)
	at org.eclipse.core.runtime.SafeRunner.run(SafeRunner.java:47)
	at org.eclipse.core.internal.preferences.EclipsePreferences.firePreferenceEvent(EclipsePreferences.java:828)
	at org.eclipse.core.internal.preferences.EclipsePreferences.put(EclipsePreferences.java:840)
	at org.eclipse.m2e.core.internal.preferences.MavenConfigurationImpl.setSettingsFile(MavenConfigurationImpl.java:171)
	at org.eclipse.m2e.core.internal.preferences.MavenConfigurationImpl.setGlobalSettingsFile(MavenConfigurationImpl.java:157)
	at org.eclipse.m2e.core.ui.internal.preferences.MavenSettingsPreferencePage.lambda$0(MavenSettingsPreferencePage.java:152)
	at org.eclipse.core.runtime.jobs.Job$1.run(Job.java:166)
	at org.eclipse.core.internal.jobs.Worker.run(Worker.java:63)
2024-09-09 18:05:20,222 [Worker-56: Updating Maven settings] ERROR o.e.m.c.internal.embedder.MavenImpl - Could not read settingsCacheMap.xml, assuming default values
org.apache.maven.settings.building.SettingsBuildingException: 1 problem was encountered while building the effective settings
[FATAL] Non-parseable settings D:\oracle\sqldeveloper\jdbc\lib\ojdbc11.jar: only whitespace content allowed before start tag and not P (position: START_DOCUMENT seen P... @1:2)  @ D:\oracle\sqldeveloper\jdbc\lib\ojdbc11.jar, line 1, column 2

	at org.apache.maven.settings.building.DefaultSettingsBuilder.build(DefaultSettingsBuilder.java:115)
	at org.eclipse.m2e.core.internal.embedder.MavenImpl$MavenSettings.getSettings(MavenImpl.java:1117)
	at org.eclipse.m2e.core.internal.embedder.MavenImpl.getSettings(MavenImpl.java:279)
	at org.eclipse.m2e.core.internal.embedder.MavenImpl.reloadSettings(MavenImpl.java:331)
	at org.eclipse.m2e.core.internal.embedder.MavenImpl.mavenConfigurationChange(MavenImpl.java:355)
	at org.eclipse.m2e.core.internal.preferences.MavenConfigurationImpl.preferenceChange(MavenConfigurationImpl.java:205)
	at org.eclipse.core.internal.preferences.EclipsePreferences.lambda$2(EclipsePreferences.java:828)
	at org.eclipse.core.runtime.SafeRunner.run(SafeRunner.java:47)
	at org.eclipse.core.internal.preferences.EclipsePreferences.firePreferenceEvent(EclipsePreferences.java:828)
	at org.eclipse.core.internal.preferences.EclipsePreferences.put(EclipsePreferences.java:840)
	at org.eclipse.m2e.core.internal.preferences.MavenConfigurationImpl.setSettingsFile(MavenConfigurationImpl.java:171)
	at org.eclipse.m2e.core.internal.preferences.MavenConfigurationImpl.setGlobalSettingsFile(MavenConfigurationImpl.java:157)
	at org.eclipse.m2e.core.ui.internal.preferences.MavenSettingsPreferencePage.lambda$0(MavenSettingsPreferencePage.java:152)
	at org.eclipse.core.runtime.jobs.Job$1.run(Job.java:166)
	at org.eclipse.core.internal.jobs.Worker.run(Worker.java:63)
2024-09-09 18:21:24,555 [Worker-1: Loading available Gradle versions] INFO  o.e.b.c.i.u.g.PublishedGradleVersions - Gradle version information cache is up-to-date. Trying to read.
2024-09-09 18:21:25,905 [Worker-12: Repository registry initialization] ERROR o.e.m.c.internal.embedder.MavenImpl - Could not read settingsCacheMap.xml, assuming default values
org.apache.maven.settings.building.SettingsBuildingException: 1 problem was encountered while building the effective settings
[FATAL] Non-parseable settings D:\oracle\sqldeveloper\jdbc\lib\ojdbc11.jar: only whitespace content allowed before start tag and not P (position: START_DOCUMENT seen P... @1:2)  @ D:\oracle\sqldeveloper\jdbc\lib\ojdbc11.jar, line 1, column 2

	at org.apache.maven.settings.building.DefaultSettingsBuilder.build(DefaultSettingsBuilder.java:115)
	at org.eclipse.m2e.core.internal.embedder.MavenImpl$MavenSettings.getSettings(MavenImpl.java:1117)
	at org.eclipse.m2e.core.internal.embedder.MavenImpl.getSettings(MavenImpl.java:279)
	at org.eclipse.m2e.core.internal.embedder.MavenImpl.getSettings(MavenImpl.java:273)
	at org.eclipse.m2e.core.internal.repository.RepositoryRegistry.updateRegistry(RepositoryRegistry.java:229)
	at org.eclipse.m2e.core.internal.repository.RepositoryRegistryUpdateJob.run(RepositoryRegistryUpdateJob.java:50)
	at org.eclipse.core.internal.jobs.Worker.run(Worker.java:63)
2024-09-09 18:28:39,815 [Worker-5: Loading available Gradle versions] INFO  o.e.b.c.i.u.g.PublishedGradleVersions - Gradle version information cache is up-to-date. Trying to read.
2024-09-09 18:28:41,466 [Worker-10: Repository registry initialization] ERROR o.e.m.c.internal.embedder.MavenImpl - Could not read settingsCacheMap.xml, assuming default values
org.apache.maven.settings.building.SettingsBuildingException: 1 problem was encountered while building the effective settings
[FATAL] Non-parseable settings D:\oracle\sqldeveloper\jdbc\lib\ojdbc11.jar: only whitespace content allowed before start tag and not P (position: START_DOCUMENT seen P... @1:2)  @ D:\oracle\sqldeveloper\jdbc\lib\ojdbc11.jar, line 1, column 2

	at org.apache.maven.settings.building.DefaultSettingsBuilder.build(DefaultSettingsBuilder.java:115)
	at org.eclipse.m2e.core.internal.embedder.MavenImpl$MavenSettings.getSettings(MavenImpl.java:1117)
	at org.eclipse.m2e.core.internal.embedder.MavenImpl.getSettings(MavenImpl.java:279)
	at org.eclipse.m2e.core.internal.embedder.MavenImpl.getSettings(MavenImpl.java:273)
	at org.eclipse.m2e.core.internal.repository.RepositoryRegistry.updateRegistry(RepositoryRegistry.java:229)
	at org.eclipse.m2e.core.internal.repository.RepositoryRegistryUpdateJob.run(RepositoryRegistryUpdateJob.java:50)
	at org.eclipse.core.internal.jobs.Worker.run(Worker.java:63)
2024-09-10 09:36:55,762 [Worker-1: Loading available Gradle versions] INFO  o.e.b.c.i.u.g.PublishedGradleVersions - Gradle version information cache is out-of-date. Trying to update.
2024-09-10 09:36:58,480 [Worker-10: Repository registry initialization] ERROR o.e.m.c.internal.embedder.MavenImpl - Could not read settingsCacheMap.xml, assuming default values
org.apache.maven.settings.building.SettingsBuildingException: 1 problem was encountered while building the effective settings
[FATAL] Non-parseable settings D:\oracle\sqldeveloper\jdbc\lib\ojdbc11.jar: only whitespace content allowed before start tag and not P (position: START_DOCUMENT seen P... @1:2)  @ D:\oracle\sqldeveloper\jdbc\lib\ojdbc11.jar, line 1, column 2

	at org.apache.maven.settings.building.DefaultSettingsBuilder.build(DefaultSettingsBuilder.java:115)
	at org.eclipse.m2e.core.internal.embedder.MavenImpl$MavenSettings.getSettings(MavenImpl.java:1117)
	at org.eclipse.m2e.core.internal.embedder.MavenImpl.getSettings(MavenImpl.java:279)
	at org.eclipse.m2e.core.internal.embedder.MavenImpl.getSettings(MavenImpl.java:273)
	at org.eclipse.m2e.core.internal.repository.RepositoryRegistry.updateRegistry(RepositoryRegistry.java:229)
	at org.eclipse.m2e.core.internal.repository.RepositoryRegistryUpdateJob.run(RepositoryRegistryUpdateJob.java:50)
	at org.eclipse.core.internal.jobs.Worker.run(Worker.java:63)
2024-09-11 09:41:57,338 [Worker-1: Loading available Gradle versions] INFO  o.e.b.c.i.u.g.PublishedGradleVersions - Gradle version information cache is out-of-date. Trying to update.
2024-09-11 09:41:58,732 [Worker-11: Repository registry initialization] ERROR o.e.m.c.internal.embedder.MavenImpl - Could not read settingsCacheMap.xml, assuming default values
org.apache.maven.settings.building.SettingsBuildingException: 1 problem was encountered while building the effective settings
[FATAL] Non-parseable settings D:\oracle\sqldeveloper\jdbc\lib\ojdbc11.jar: only whitespace content allowed before start tag and not P (position: START_DOCUMENT seen P... @1:2)  @ D:\oracle\sqldeveloper\jdbc\lib\ojdbc11.jar, line 1, column 2

	at org.apache.maven.settings.building.DefaultSettingsBuilder.build(DefaultSettingsBuilder.java:115)
	at org.eclipse.m2e.core.internal.embedder.MavenImpl$MavenSettings.getSettings(MavenImpl.java:1117)
	at org.eclipse.m2e.core.internal.embedder.MavenImpl.getSettings(MavenImpl.java:279)
	at org.eclipse.m2e.core.internal.embedder.MavenImpl.getSettings(MavenImpl.java:273)
	at org.eclipse.m2e.core.internal.repository.RepositoryRegistry.updateRegistry(RepositoryRegistry.java:229)
	at org.eclipse.m2e.core.internal.repository.RepositoryRegistryUpdateJob.run(RepositoryRegistryUpdateJob.java:50)
	at org.eclipse.core.internal.jobs.Worker.run(Worker.java:63)
2024-09-11 15:26:08,751 [Worker-1: Loading available Gradle versions] INFO  o.e.b.c.i.u.g.PublishedGradleVersions - Gradle version information cache is up-to-date. Trying to read.
2024-09-11 15:26:09,810 [Worker-9: Repository registry initialization] ERROR o.e.m.c.internal.embedder.MavenImpl - Could not read settingsCacheMap.xml, assuming default values
org.apache.maven.settings.building.SettingsBuildingException: 1 problem was encountered while building the effective settings
[FATAL] Non-parseable settings D:\oracle\sqldeveloper\jdbc\lib\ojdbc11.jar: only whitespace content allowed before start tag and not P (position: START_DOCUMENT seen P... @1:2)  @ D:\oracle\sqldeveloper\jdbc\lib\ojdbc11.jar, line 1, column 2

	at org.apache.maven.settings.building.DefaultSettingsBuilder.build(DefaultSettingsBuilder.java:115)
	at org.eclipse.m2e.core.internal.embedder.MavenImpl$MavenSettings.getSettings(MavenImpl.java:1117)
	at org.eclipse.m2e.core.internal.embedder.MavenImpl.getSettings(MavenImpl.java:279)
	at org.eclipse.m2e.core.internal.embedder.MavenImpl.getSettings(MavenImpl.java:273)
	at org.eclipse.m2e.core.internal.repository.RepositoryRegistry.updateRegistry(RepositoryRegistry.java:229)
	at org.eclipse.m2e.core.internal.repository.RepositoryRegistryUpdateJob.run(RepositoryRegistryUpdateJob.java:50)
	at org.eclipse.core.internal.jobs.Worker.run(Worker.java:63)
2024-09-11 15:46:34,591 [Worker-6: Loading available Gradle versions] INFO  o.e.b.c.i.u.g.PublishedGradleVersions - Gradle version information cache is up-to-date. Trying to read.
2024-09-11 15:46:35,701 [Worker-10: Repository registry initialization] ERROR o.e.m.c.internal.embedder.MavenImpl - Could not read settingsCacheMap.xml, assuming default values
org.apache.maven.settings.building.SettingsBuildingException: 1 problem was encountered while building the effective settings
[FATAL] Non-parseable settings D:\oracle\sqldeveloper\jdbc\lib\ojdbc11.jar: only whitespace content allowed before start tag and not P (position: START_DOCUMENT seen P... @1:2)  @ D:\oracle\sqldeveloper\jdbc\lib\ojdbc11.jar, line 1, column 2

	at org.apache.maven.settings.building.DefaultSettingsBuilder.build(DefaultSettingsBuilder.java:115)
	at org.eclipse.m2e.core.internal.embedder.MavenImpl$MavenSettings.getSettings(MavenImpl.java:1117)
	at org.eclipse.m2e.core.internal.embedder.MavenImpl.getSettings(MavenImpl.java:279)
	at org.eclipse.m2e.core.internal.embedder.MavenImpl.getSettings(MavenImpl.java:273)
	at org.eclipse.m2e.core.internal.repository.RepositoryRegistry.updateRegistry(RepositoryRegistry.java:229)
	at org.eclipse.m2e.core.internal.repository.RepositoryRegistryUpdateJob.run(RepositoryRegistryUpdateJob.java:50)
	at org.eclipse.core.internal.jobs.Worker.run(Worker.java:63)
2024-09-12 09:40:10,555 [Worker-2: Loading available Gradle versions] INFO  o.e.b.c.i.u.g.PublishedGradleVersions - Gradle version information cache is up-to-date. Trying to read.
2024-09-12 09:40:12,990 [Worker-3: Repository registry initialization] ERROR o.e.m.c.internal.embedder.MavenImpl - Could not read settingsCacheMap.xml, assuming default values
org.apache.maven.settings.building.SettingsBuildingException: 1 problem was encountered while building the effective settings
[FATAL] Non-parseable settings D:\oracle\sqldeveloper\jdbc\lib\ojdbc11.jar: only whitespace content allowed before start tag and not P (position: START_DOCUMENT seen P... @1:2)  @ D:\oracle\sqldeveloper\jdbc\lib\ojdbc11.jar, line 1, column 2

	at org.apache.maven.settings.building.DefaultSettingsBuilder.build(DefaultSettingsBuilder.java:115)
	at org.eclipse.m2e.core.internal.embedder.MavenImpl$MavenSettings.getSettings(MavenImpl.java:1117)
	at org.eclipse.m2e.core.internal.embedder.MavenImpl.getSettings(MavenImpl.java:279)
	at org.eclipse.m2e.core.internal.embedder.MavenImpl.getSettings(MavenImpl.java:273)
	at org.eclipse.m2e.core.internal.repository.RepositoryRegistry.updateRegistry(RepositoryRegistry.java:229)
	at org.eclipse.m2e.core.internal.repository.RepositoryRegistryUpdateJob.run(RepositoryRegistryUpdateJob.java:50)
	at org.eclipse.core.internal.jobs.Worker.run(Worker.java:63)
2024-09-12 18:08:51,638 [Worker-2: Loading available Gradle versions] INFO  o.e.b.c.i.u.g.PublishedGradleVersions - Gradle version information cache is out-of-date. Trying to update.
2024-09-12 18:08:52,760 [Worker-7: Repository registry initialization] ERROR o.e.m.c.internal.embedder.MavenImpl - Could not read settingsCacheMap.xml, assuming default values
org.apache.maven.settings.building.SettingsBuildingException: 1 problem was encountered while building the effective settings
[FATAL] Non-parseable settings D:\oracle\sqldeveloper\jdbc\lib\ojdbc11.jar: only whitespace content allowed before start tag and not P (position: START_DOCUMENT seen P... @1:2)  @ D:\oracle\sqldeveloper\jdbc\lib\ojdbc11.jar, line 1, column 2

	at org.apache.maven.settings.building.DefaultSettingsBuilder.build(DefaultSettingsBuilder.java:115)
	at org.eclipse.m2e.core.internal.embedder.MavenImpl$MavenSettings.getSettings(MavenImpl.java:1117)
	at org.eclipse.m2e.core.internal.embedder.MavenImpl.getSettings(MavenImpl.java:279)
	at org.eclipse.m2e.core.internal.embedder.MavenImpl.getSettings(MavenImpl.java:273)
	at org.eclipse.m2e.core.internal.repository.RepositoryRegistry.updateRegistry(RepositoryRegistry.java:229)
	at org.eclipse.m2e.core.internal.repository.RepositoryRegistryUpdateJob.run(RepositoryRegistryUpdateJob.java:50)
	at org.eclipse.core.internal.jobs.Worker.run(Worker.java:63)
2024-09-13 09:40:26,436 [Worker-6: Loading available Gradle versions] INFO  o.e.b.c.i.u.g.PublishedGradleVersions - Gradle version information cache is up-to-date. Trying to read.
2024-09-13 09:40:28,742 [Worker-5: Repository registry initialization] ERROR o.e.m.c.internal.embedder.MavenImpl - Could not read settingsCacheMap.xml, assuming default values
org.apache.maven.settings.building.SettingsBuildingException: 1 problem was encountered while building the effective settings
[FATAL] Non-parseable settings D:\oracle\sqldeveloper\jdbc\lib\ojdbc11.jar: only whitespace content allowed before start tag and not P (position: START_DOCUMENT seen P... @1:2)  @ D:\oracle\sqldeveloper\jdbc\lib\ojdbc11.jar, line 1, column 2

	at org.apache.maven.settings.building.DefaultSettingsBuilder.build(DefaultSettingsBuilder.java:115)
	at org.eclipse.m2e.core.internal.embedder.MavenImpl$MavenSettings.getSettings(MavenImpl.java:1117)
	at org.eclipse.m2e.core.internal.embedder.MavenImpl.getSettings(MavenImpl.java:279)
	at org.eclipse.m2e.core.internal.embedder.MavenImpl.getSettings(MavenImpl.java:273)
	at org.eclipse.m2e.core.internal.repository.RepositoryRegistry.updateRegistry(RepositoryRegistry.java:229)
	at org.eclipse.m2e.core.internal.repository.RepositoryRegistryUpdateJob.run(RepositoryRegistryUpdateJob.java:50)
	at org.eclipse.core.internal.jobs.Worker.run(Worker.java:63)
2024-09-13 16:46:16,034 [Worker-1: Loading available Gradle versions] INFO  o.e.b.c.i.u.g.PublishedGradleVersions - Gradle version information cache is up-to-date. Trying to read.
2024-09-13 16:46:16,833 [Worker-10: Repository registry initialization] ERROR o.e.m.c.internal.embedder.MavenImpl - Could not read settingsCacheMap.xml, assuming default values
org.apache.maven.settings.building.SettingsBuildingException: 1 problem was encountered while building the effective settings
[FATAL] Non-parseable settings D:\oracle\sqldeveloper\jdbc\lib\ojdbc11.jar: only whitespace content allowed before start tag and not P (position: START_DOCUMENT seen P... @1:2)  @ D:\oracle\sqldeveloper\jdbc\lib\ojdbc11.jar, line 1, column 2

	at org.apache.maven.settings.building.DefaultSettingsBuilder.build(DefaultSettingsBuilder.java:115)
	at org.eclipse.m2e.core.internal.embedder.MavenImpl$MavenSettings.getSettings(MavenImpl.java:1117)
	at org.eclipse.m2e.core.internal.embedder.MavenImpl.getSettings(MavenImpl.java:279)
	at org.eclipse.m2e.core.internal.embedder.MavenImpl.getSettings(MavenImpl.java:273)
	at org.eclipse.m2e.core.internal.repository.RepositoryRegistry.updateRegistry(RepositoryRegistry.java:229)
	at org.eclipse.m2e.core.internal.repository.RepositoryRegistryUpdateJob.run(RepositoryRegistryUpdateJob.java:50)
	at org.eclipse.core.internal.jobs.Worker.run(Worker.java:63)
2024-09-19 09:36:00,065 [Worker-8: Loading available Gradle versions] INFO  o.e.b.c.i.u.g.PublishedGradleVersions - Gradle version information cache is out-of-date. Trying to update.
2024-09-19 09:36:02,508 [Worker-12: Repository registry initialization] ERROR o.e.m.c.internal.embedder.MavenImpl - Could not read settingsCacheMap.xml, assuming default values
org.apache.maven.settings.building.SettingsBuildingException: 1 problem was encountered while building the effective settings
[FATAL] Non-parseable settings D:\oracle\sqldeveloper\jdbc\lib\ojdbc11.jar: only whitespace content allowed before start tag and not P (position: START_DOCUMENT seen P... @1:2)  @ D:\oracle\sqldeveloper\jdbc\lib\ojdbc11.jar, line 1, column 2

	at org.apache.maven.settings.building.DefaultSettingsBuilder.build(DefaultSettingsBuilder.java:115)
	at org.eclipse.m2e.core.internal.embedder.MavenImpl$MavenSettings.getSettings(MavenImpl.java:1117)
	at org.eclipse.m2e.core.internal.embedder.MavenImpl.getSettings(MavenImpl.java:279)
	at org.eclipse.m2e.core.internal.embedder.MavenImpl.getSettings(MavenImpl.java:273)
	at org.eclipse.m2e.core.internal.repository.RepositoryRegistry.updateRegistry(RepositoryRegistry.java:229)
	at org.eclipse.m2e.core.internal.repository.RepositoryRegistryUpdateJob.run(RepositoryRegistryUpdateJob.java:50)
	at org.eclipse.core.internal.jobs.Worker.run(Worker.java:63)
2024-09-19 18:13:36,576 [Worker-2: Loading available Gradle versions] INFO  o.e.b.c.i.u.g.PublishedGradleVersions - Gradle version information cache is up-to-date. Trying to read.
2024-09-19 18:13:37,291 [Worker-11: Repository registry initialization] ERROR o.e.m.c.internal.embedder.MavenImpl - Could not read settingsCacheMap.xml, assuming default values
org.apache.maven.settings.building.SettingsBuildingException: 1 problem was encountered while building the effective settings
[FATAL] Non-parseable settings D:\oracle\sqldeveloper\jdbc\lib\ojdbc11.jar: only whitespace content allowed before start tag and not P (position: START_DOCUMENT seen P... @1:2)  @ D:\oracle\sqldeveloper\jdbc\lib\ojdbc11.jar, line 1, column 2

	at org.apache.maven.settings.building.DefaultSettingsBuilder.build(DefaultSettingsBuilder.java:115)
	at org.eclipse.m2e.core.internal.embedder.MavenImpl$MavenSettings.getSettings(MavenImpl.java:1117)
	at org.eclipse.m2e.core.internal.embedder.MavenImpl.getSettings(MavenImpl.java:279)
	at org.eclipse.m2e.core.internal.embedder.MavenImpl.getSettings(MavenImpl.java:273)
	at org.eclipse.m2e.core.internal.repository.RepositoryRegistry.updateRegistry(RepositoryRegistry.java:229)
	at org.eclipse.m2e.core.internal.repository.RepositoryRegistryUpdateJob.run(RepositoryRegistryUpdateJob.java:50)
	at org.eclipse.core.internal.jobs.Worker.run(Worker.java:63)
2024-09-20 09:46:52,806 [Worker-8: Loading available Gradle versions] INFO  o.e.b.c.i.u.g.PublishedGradleVersions - Gradle version information cache is out-of-date. Trying to update.
2024-09-20 09:46:53,693 [Worker-8: Loading available Gradle versions] INFO  o.e.b.c.i.u.g.PublishedGradleVersions - Updating Gradle version information cache failed. Using outdated cache.
2024-09-20 09:46:55,257 [Worker-14: Repository registry initialization] ERROR o.e.m.c.internal.embedder.MavenImpl - Could not read settingsCacheMap.xml, assuming default values
org.apache.maven.settings.building.SettingsBuildingException: 1 problem was encountered while building the effective settings
[FATAL] Non-parseable settings D:\oracle\sqldeveloper\jdbc\lib\ojdbc11.jar: only whitespace content allowed before start tag and not P (position: START_DOCUMENT seen P... @1:2)  @ D:\oracle\sqldeveloper\jdbc\lib\ojdbc11.jar, line 1, column 2

	at org.apache.maven.settings.building.DefaultSettingsBuilder.build(DefaultSettingsBuilder.java:115)
	at org.eclipse.m2e.core.internal.embedder.MavenImpl$MavenSettings.getSettings(MavenImpl.java:1117)
	at org.eclipse.m2e.core.internal.embedder.MavenImpl.getSettings(MavenImpl.java:279)
	at org.eclipse.m2e.core.internal.embedder.MavenImpl.getSettings(MavenImpl.java:273)
	at org.eclipse.m2e.core.internal.repository.RepositoryRegistry.updateRegistry(RepositoryRegistry.java:229)
	at org.eclipse.m2e.core.internal.repository.RepositoryRegistryUpdateJob.run(RepositoryRegistryUpdateJob.java:50)
	at org.eclipse.core.internal.jobs.Worker.run(Worker.java:63)
2024-09-23 09:34:58,023 [Worker-1: Loading available Gradle versions] INFO  o.e.b.c.i.u.g.PublishedGradleVersions - Gradle version information cache is out-of-date. Trying to update.
2024-09-23 09:34:59,262 [Worker-10: Repository registry initialization] ERROR o.e.m.c.internal.embedder.MavenImpl - Could not read settingsCacheMap.xml, assuming default values
org.apache.maven.settings.building.SettingsBuildingException: 1 problem was encountered while building the effective settings
[FATAL] Non-parseable settings D:\oracle\sqldeveloper\jdbc\lib\ojdbc11.jar: only whitespace content allowed before start tag and not P (position: START_DOCUMENT seen P... @1:2)  @ D:\oracle\sqldeveloper\jdbc\lib\ojdbc11.jar, line 1, column 2

	at org.apache.maven.settings.building.DefaultSettingsBuilder.build(DefaultSettingsBuilder.java:115)
	at org.eclipse.m2e.core.internal.embedder.MavenImpl$MavenSettings.getSettings(MavenImpl.java:1117)
	at org.eclipse.m2e.core.internal.embedder.MavenImpl.getSettings(MavenImpl.java:279)
	at org.eclipse.m2e.core.internal.embedder.MavenImpl.getSettings(MavenImpl.java:273)
	at org.eclipse.m2e.core.internal.repository.RepositoryRegistry.updateRegistry(RepositoryRegistry.java:229)
	at org.eclipse.m2e.core.internal.repository.RepositoryRegistryUpdateJob.run(RepositoryRegistryUpdateJob.java:50)
	at org.eclipse.core.internal.jobs.Worker.run(Worker.java:63)
2024-09-23 10:07:33,069 [Worker-1: Loading available Gradle versions] INFO  o.e.b.c.i.u.g.PublishedGradleVersions - Gradle version information cache is up-to-date. Trying to read.
2024-09-23 10:07:34,530 [Worker-11: Repository registry initialization] ERROR o.e.m.c.internal.embedder.MavenImpl - Could not read settingsCacheMap.xml, assuming default values
org.apache.maven.settings.building.SettingsBuildingException: 1 problem was encountered while building the effective settings
[FATAL] Non-parseable settings D:\oracle\sqldeveloper\jdbc\lib\ojdbc11.jar: only whitespace content allowed before start tag and not P (position: START_DOCUMENT seen P... @1:2)  @ D:\oracle\sqldeveloper\jdbc\lib\ojdbc11.jar, line 1, column 2

	at org.apache.maven.settings.building.DefaultSettingsBuilder.build(DefaultSettingsBuilder.java:115)
	at org.eclipse.m2e.core.internal.embedder.MavenImpl$MavenSettings.getSettings(MavenImpl.java:1117)
	at org.eclipse.m2e.core.internal.embedder.MavenImpl.getSettings(MavenImpl.java:279)
	at org.eclipse.m2e.core.internal.embedder.MavenImpl.getSettings(MavenImpl.java:273)
	at org.eclipse.m2e.core.internal.repository.RepositoryRegistry.updateRegistry(RepositoryRegistry.java:229)
	at org.eclipse.m2e.core.internal.repository.RepositoryRegistryUpdateJob.run(RepositoryRegistryUpdateJob.java:50)
	at org.eclipse.core.internal.jobs.Worker.run(Worker.java:63)
2024-09-23 18:18:08,141 [Worker-4: Loading available Gradle versions] INFO  o.e.b.c.i.u.g.PublishedGradleVersions - Gradle version information cache is up-to-date. Trying to read.
2024-09-23 18:18:09,094 [Worker-14: Repository registry initialization] ERROR o.e.m.c.internal.embedder.MavenImpl - Could not read settingsCacheMap.xml, assuming default values
org.apache.maven.settings.building.SettingsBuildingException: 1 problem was encountered while building the effective settings
[FATAL] Non-parseable settings D:\oracle\sqldeveloper\jdbc\lib\ojdbc11.jar: only whitespace content allowed before start tag and not P (position: START_DOCUMENT seen P... @1:2)  @ D:\oracle\sqldeveloper\jdbc\lib\ojdbc11.jar, line 1, column 2

	at org.apache.maven.settings.building.DefaultSettingsBuilder.build(DefaultSettingsBuilder.java:115)
	at org.eclipse.m2e.core.internal.embedder.MavenImpl$MavenSettings.getSettings(MavenImpl.java:1117)
	at org.eclipse.m2e.core.internal.embedder.MavenImpl.getSettings(MavenImpl.java:279)
	at org.eclipse.m2e.core.internal.embedder.MavenImpl.getSettings(MavenImpl.java:273)
	at org.eclipse.m2e.core.internal.repository.RepositoryRegistry.updateRegistry(RepositoryRegistry.java:229)
	at org.eclipse.m2e.core.internal.repository.RepositoryRegistryUpdateJob.run(RepositoryRegistryUpdateJob.java:50)
	at org.eclipse.core.internal.jobs.Worker.run(Worker.java:63)
2024-09-24 09:35:42,851 [Worker-2: Loading available Gradle versions] INFO  o.e.b.c.i.u.g.PublishedGradleVersions - Gradle version information cache is out-of-date. Trying to update.
2024-09-24 09:35:44,853 [Worker-8: Repository registry initialization] ERROR o.e.m.c.internal.embedder.MavenImpl - Could not read settingsCacheMap.xml, assuming default values
org.apache.maven.settings.building.SettingsBuildingException: 1 problem was encountered while building the effective settings
[FATAL] Non-parseable settings D:\oracle\sqldeveloper\jdbc\lib\ojdbc11.jar: only whitespace content allowed before start tag and not P (position: START_DOCUMENT seen P... @1:2)  @ D:\oracle\sqldeveloper\jdbc\lib\ojdbc11.jar, line 1, column 2

	at org.apache.maven.settings.building.DefaultSettingsBuilder.build(DefaultSettingsBuilder.java:115)
	at org.eclipse.m2e.core.internal.embedder.MavenImpl$MavenSettings.getSettings(MavenImpl.java:1117)
	at org.eclipse.m2e.core.internal.embedder.MavenImpl.getSettings(MavenImpl.java:279)
	at org.eclipse.m2e.core.internal.embedder.MavenImpl.getSettings(MavenImpl.java:273)
	at org.eclipse.m2e.core.internal.repository.RepositoryRegistry.updateRegistry(RepositoryRegistry.java:229)
	at org.eclipse.m2e.core.internal.repository.RepositoryRegistryUpdateJob.run(RepositoryRegistryUpdateJob.java:50)
	at org.eclipse.core.internal.jobs.Worker.run(Worker.java:63)
2024-09-24 14:26:47,986 [Worker-1: Loading available Gradle versions] INFO  o.e.b.c.i.u.g.PublishedGradleVersions - Gradle version information cache is up-to-date. Trying to read.
2024-09-24 14:26:48,939 [Worker-10: Repository registry initialization] ERROR o.e.m.c.internal.embedder.MavenImpl - Could not read settingsCacheMap.xml, assuming default values
org.apache.maven.settings.building.SettingsBuildingException: 1 problem was encountered while building the effective settings
[FATAL] Non-parseable settings D:\oracle\sqldeveloper\jdbc\lib\ojdbc11.jar: only whitespace content allowed before start tag and not P (position: START_DOCUMENT seen P... @1:2)  @ D:\oracle\sqldeveloper\jdbc\lib\ojdbc11.jar, line 1, column 2

	at org.apache.maven.settings.building.DefaultSettingsBuilder.build(DefaultSettingsBuilder.java:115)
	at org.eclipse.m2e.core.internal.embedder.MavenImpl$MavenSettings.getSettings(MavenImpl.java:1117)
	at org.eclipse.m2e.core.internal.embedder.MavenImpl.getSettings(MavenImpl.java:279)
	at org.eclipse.m2e.core.internal.embedder.MavenImpl.getSettings(MavenImpl.java:273)
	at org.eclipse.m2e.core.internal.repository.RepositoryRegistry.updateRegistry(RepositoryRegistry.java:229)
	at org.eclipse.m2e.core.internal.repository.RepositoryRegistryUpdateJob.run(RepositoryRegistryUpdateJob.java:50)
	at org.eclipse.core.internal.jobs.Worker.run(Worker.java:63)
2024-09-24 15:18:29,899 [Worker-6: Loading available Gradle versions] INFO  o.e.b.c.i.u.g.PublishedGradleVersions - Gradle version information cache is up-to-date. Trying to read.
2024-09-24 15:18:32,779 [Worker-5: Repository registry initialization] ERROR o.e.m.c.internal.embedder.MavenImpl - Could not read settingsCacheMap.xml, assuming default values
org.apache.maven.settings.building.SettingsBuildingException: 1 problem was encountered while building the effective settings
[FATAL] Non-parseable settings D:\oracle\sqldeveloper\jdbc\lib\ojdbc11.jar: only whitespace content allowed before start tag and not P (position: START_DOCUMENT seen P... @1:2)  @ D:\oracle\sqldeveloper\jdbc\lib\ojdbc11.jar, line 1, column 2

	at org.apache.maven.settings.building.DefaultSettingsBuilder.build(DefaultSettingsBuilder.java:115)
	at org.eclipse.m2e.core.internal.embedder.MavenImpl$MavenSettings.getSettings(MavenImpl.java:1117)
	at org.eclipse.m2e.core.internal.embedder.MavenImpl.getSettings(MavenImpl.java:279)
	at org.eclipse.m2e.core.internal.embedder.MavenImpl.getSettings(MavenImpl.java:273)
	at org.eclipse.m2e.core.internal.repository.RepositoryRegistry.updateRegistry(RepositoryRegistry.java:229)
	at org.eclipse.m2e.core.internal.repository.RepositoryRegistryUpdateJob.run(RepositoryRegistryUpdateJob.java:50)
	at org.eclipse.core.internal.jobs.Worker.run(Worker.java:63)
